E/ 2016-08-27 12:36:27  {"signature":"111108bb8e6dbce3c9671d6fdb69d15066227608 ","timestamp":"1783610513","nonce":"380320111"}  ERR:900005
E/ 2016-08-27 12:36:27  {"signature":"111108bb8e6dbce3c9671d6fdb69d15066227608 ","timestamp":"1783610513","nonce":"380320111"}CREATE SUITE ERR:900005
E/ 2016-08-27 12:36:40  {"signature":"111108bb8e6dbce3c9671d6fdb69d15066227608 ","timestamp":"1783610513","nonce":"380320111"}  ERR:900005
E/ 2016-08-27 12:36:40  {"signature":"111108bb8e6dbce3c9671d6fdb69d15066227608 ","timestamp":"1783610513","nonce":"380320111"}CREATE SUITE ERR:900005
E/ 2016-08-27 12:38:09  ERROR: suiteTicket not cached,please check the callback url
E/ 2016-08-27 12:38:13  [FAIL]: {"errcode":40014,"errmsg":"\u4e0d\u5408\u6cd5\u7684access_token"}
E/ 2016-08-27 12:40:41  {"signature":"111108bb8e6dbce3c9671d6fdb69d15066227608 ","timestamp":"1783610513","nonce":"380320111"}  ERR:900005
E/ 2016-08-27 12:40:41  {"signature":"111108bb8e6dbce3c9671d6fdb69d15066227608 ","timestamp":"1783610513","nonce":"380320111"}CREATE SUITE ERR:900005
E/ 2016-08-27 12:41:01  ERROR: suiteTicket not cached,please check the callback url
E/ 2016-08-27 12:41:02  [FAIL]: {"errcode":40014,"errmsg":"\u4e0d\u5408\u6cd5\u7684access_token"}
E/ 2016-08-27 12:41:18  ERROR: suiteTicket not cached,please check the callback url
E/ 2016-08-27 12:41:19  [FAIL]: {"errcode":40014,"errmsg":"\u4e0d\u5408\u6cd5\u7684access_token"}
E/ 2016-08-27 12:41:50  []  ERR:900005
E/ 2016-08-27 12:41:50  []CREATE SUITE ERR:900005
E/ 2016-08-27 12:41:51  {"signature":"5b8a9427c4c72db089766d2a0ceaf62b0061893f","timestamp":"1472301710472","nonce":"6ZwR7qov"}  ERR:900010
I/ 2016-08-27 12:41:51  DECRYPT CREATE SUITE MSG SUCCESS {"signature":"5b8a9427c4c72db089766d2a0ceaf62b0061893f","timestamp":"1472301710472","nonce":"6ZwR7qov"}  {"EventType":"check_create_suite_url","Random":"RyHLTNE9","TestSuiteKey":"suite4xxxxxxxxxxxxxxx"}
I/ 2016-08-27 12:41:51  CREATE SUITE URL RESPONSE: {"msg_signature":"2d13217a79b3b140ad05a3512dc023a04b51a0b4","encrypt":"mIoJT3Gwt8S2oX5vsh\/spPCu7i\/DzN6gixOZKtTO03MLVAdcJXTcpftim6GICGDWvu\/zb5Ev9XkRii76QkpWgg==","timeStamp":"1472301710472","nonce":"6ZwR7qov"}
E/ 2016-08-27 12:42:22  []  ERR:900005
E/ 2016-08-27 12:42:22  []CREATE SUITE ERR:900005
E/ 2016-08-27 12:42:22  {"signature":"90ef110b92b4488cf8012b75c4fcec8f0eac415b","timestamp":"1472301742145","nonce":"YbgZ2jv0"}  ERR:900010
I/ 2016-08-27 12:42:22  DECRYPT CREATE SUITE MSG SUCCESS {"signature":"90ef110b92b4488cf8012b75c4fcec8f0eac415b","timestamp":"1472301742145","nonce":"YbgZ2jv0"}  {"EventType":"check_create_suite_url","Random":"gaORHJDc","TestSuiteKey":"suite4xxxxxxxxxxxxxxx"}
I/ 2016-08-27 12:42:22  CREATE SUITE URL RESPONSE: {"msg_signature":"2388901af867eff79703f40d33cf966c5dfa33ec","encrypt":"++W0\/tGA8YIiZdz+VlG07zQ\/lLe3pbofog66twkEjn1pWLLtyhWLAZ2PLpP9EuX5Ukt2+cO2XkY\/ATGAENpFJg==","timeStamp":"1472301742145","nonce":"YbgZ2jv0"}
E/ 2016-08-27 12:42:24  []  ERR:900005
E/ 2016-08-27 12:42:24  []CREATE SUITE ERR:900005
E/ 2016-08-27 12:42:26  {"signature":"bd63a5bb49ec67b9138c9a18c46a21d86481cdd4","timestamp":"1472301744819","nonce":"QtkwxxBh"}  ERR:900010
I/ 2016-08-27 12:42:26  DECRYPT CREATE SUITE MSG SUCCESS {"signature":"bd63a5bb49ec67b9138c9a18c46a21d86481cdd4","timestamp":"1472301744819","nonce":"QtkwxxBh"}  {"EventType":"check_create_suite_url","Random":"r7ORXnuz","TestSuiteKey":"suite4xxxxxxxxxxxxxxx"}
I/ 2016-08-27 12:42:26  CREATE SUITE URL RESPONSE: {"msg_signature":"951f68584918943ecc76c4aab45cac8db520d864","encrypt":"Gou7GXlXz0rKnmxr92RAB4vpCc4xY4ghvR3dhXkEEE1rdubmCdoY9gB5IBoW6GdVWT+zqSPDWVRbd0bw\/eEV8w==","timeStamp":"1472301744819","nonce":"QtkwxxBh"}
E/ 2016-08-27 12:42:27  {"signature":"0713406710581c8999f6e7063cd30b7e4bda5b08","timestamp":"1472301746819","nonce":"d9b2LGdx"}  ERR:900010
E/ 2016-08-27 12:42:27  {"signature":"0713406710581c8999f6e7063cd30b7e4bda5b08","timestamp":"1472301746819","nonce":"d9b2LGdx"}CREATE SUITE ERR:900010
I/ 2016-08-27 12:43:28  DECRYPT MSG SUCCESS {"signature":"69481b54adaa15e26604122ffde91b3f97c6b92b","timestamp":"1472301807080","nonce":"JlmOuobs"}  {"EventType":"suite_ticket","SuiteKey":"suiteg1hdbaokiburujdh","SuiteTicket":"oPAFbwYGBCJaiai87wBHQURAqD8vHXa4NH7FB5MH3VpS6F6pxIxgedUhX64DS1S1do4tGuCI4tRxgi1snlok6P","TimeStamp":"1472301807080"}
I/ 2016-08-27 12:43:28  RESPONSE: {"msg_signature":"f03e5fb61c70217a2625099e9407035d73f5096b","encrypt":"BSLAMavzE1wKJGSklG3kejgegoXfY5IHL+JGHgcxqz3IhPDlNt2DwN33YThVPGrswd\/I8BIgrmwLUeIA5PjSgw==","timeStamp":"1472301807080","nonce":"JlmOuobs"}
I/ 2016-08-27 12:53:07  DECRYPT MSG SUCCESS {"signature":"9c898e34919821c562ea3ad2e62c58bc3fc98495","timestamp":"1472302386965","nonce":"KYm2r3tI"}  {"AuthCode":"73614b4974493215a0fc3102424d78e5","EventType":"tmp_auth_code","SuiteKey":"suiteg1hdbaokiburujdh","TimeStamp":"1472302386965"}
I/ 2016-08-27 12:53:10  [Activate] getSuiteToken: c19652f8a9233a91b1e0fb87c358eb5a
I/ 2016-08-27 12:53:10  DECRYPT MSG SUCCESS {"signature":"2b679328bd164fe7981fd6970e2588bef6a42bd0","timestamp":"1472302389766","nonce":"pdMqPiua"}  {"AuthCode":"73614b4974493215a0fc3102424d78e5","EventType":"tmp_auth_code","SuiteKey":"suiteg1hdbaokiburujdh","TimeStamp":"1472302389765"}
I/ 2016-08-27 12:53:10  [Activate] getSuiteToken: c19652f8a9233a91b1e0fb87c358eb5a
E/ 2016-08-27 12:53:11  [FAIL]: {"errcode":60020,"errmsg":"\u8bbf\u95eeip\u4e0d\u5728\u767d\u540d\u5355\u4e4b\u4e2d"}
E/ 2016-08-27 12:53:11  [FAIL]: {"errcode":60020,"errmsg":"\u8bbf\u95eeip\u4e0d\u5728\u767d\u540d\u5355\u4e4b\u4e2d"}
I/ 2016-08-27 12:53:12  DECRYPT MSG SUCCESS {"signature":"55f51d2ba429e05d46f6f4620bd2969c8779766d","timestamp":"1472302391777","nonce":"Ixa70Gnt"}  {"AuthCode":"73614b4974493215a0fc3102424d78e5","EventType":"tmp_auth_code","SuiteKey":"suiteg1hdbaokiburujdh","TimeStamp":"1472302391776"}
I/ 2016-08-27 12:53:12  [Activate] getSuiteToken: c19652f8a9233a91b1e0fb87c358eb5a
E/ 2016-08-27 12:53:13  [FAIL]: {"errcode":60020,"errmsg":"\u8bbf\u95eeip\u4e0d\u5728\u767d\u540d\u5355\u4e4b\u4e2d"}
I/ 2016-08-27 12:54:14  DECRYPT MSG SUCCESS {"signature":"bcba93573964f858ac61652c02640336b761902e","timestamp":"1472302453056","nonce":"P5UCpDPP"}  {"AuthCode":"73614b4974493215a0fc3102424d78e5","EventType":"tmp_auth_code","SuiteKey":"suiteg1hdbaokiburujdh","TimeStamp":"1472302453056"}
I/ 2016-08-27 12:54:14  [Activate] getSuiteToken: c19652f8a9233a91b1e0fb87c358eb5a
E/ 2016-08-27 12:54:15  [FAIL]: {"errcode":60020,"errmsg":"\u8bbf\u95eeip\u4e0d\u5728\u767d\u540d\u5355\u4e4b\u4e2d"}
I/ 2016-08-27 12:56:16  DECRYPT MSG SUCCESS {"signature":"afb13f5258a10fa68516fb3f4570785a80743667","timestamp":"1472302575105","nonce":"AoBCG94p"}  {"AuthCode":"73614b4974493215a0fc3102424d78e5","EventType":"tmp_auth_code","SuiteKey":"suiteg1hdbaokiburujdh","TimeStamp":"1472302575105"}
I/ 2016-08-27 12:56:16  [Activate] getSuiteToken: c19652f8a9233a91b1e0fb87c358eb5a
E/ 2016-08-27 12:56:18  [FAIL]: {"errcode":60020,"errmsg":"\u8bbf\u95eeip\u4e0d\u5728\u767d\u540d\u5355\u4e4b\u4e2d"}
I/ 2016-08-27 12:59:18  DECRYPT MSG SUCCESS {"signature":"692baa4984d1a091a6acb0ec571c819e1cfbd2d2","timestamp":"1472302757065","nonce":"hDYnaZAP"}  {"AuthCode":"73614b4974493215a0fc3102424d78e5","EventType":"tmp_auth_code","SuiteKey":"suiteg1hdbaokiburujdh","TimeStamp":"1472302757065"}
I/ 2016-08-27 12:59:18  [Activate] getSuiteToken: c19652f8a9233a91b1e0fb87c358eb5a
E/ 2016-08-27 12:59:20  [FAIL]: {"errcode":60020,"errmsg":"\u8bbf\u95eeip\u4e0d\u5728\u767d\u540d\u5355\u4e4b\u4e2d"}
I/ 2016-08-27 01:03:20  DECRYPT MSG SUCCESS {"signature":"43967e7a85844caae2faa93a7902c41069782e42","timestamp":"1472303000057","nonce":"I2O9D84f"}  {"AuthCode":"73614b4974493215a0fc3102424d78e5","EventType":"tmp_auth_code","SuiteKey":"suiteg1hdbaokiburujdh","TimeStamp":"1472303000057"}
I/ 2016-08-27 01:03:21  [Activate] getSuiteToken: c19652f8a9233a91b1e0fb87c358eb5a
I/ 2016-08-27 01:03:21  DECRYPT MSG SUCCESS {"signature":"bc71d23a4662b15281798df1103bf68ed67f73d6","timestamp":"1472303000143","nonce":"EhlcAfo7"}  {"AuthCorpId":"ding0e89f7bf2aa7572e35c2f4657eb6378f","EventType":"suite_relieve","SuiteKey":"suiteg1hdbaokiburujdh","TimeStamp":"1472303000143"}
I/ 2016-08-27 01:03:21  RESPONSE: {"msg_signature":"16fe3810735d0743551141fcfdcc89d380e3232e","encrypt":"g9jzuyXqXrjldxo+1OuQzOtf8whcS\/61Snp7K\/d7wk1wRQC6vwmcPx0SYNAclX8S0NobW2emZK7MgxTi91lugg==","timeStamp":"1472303000143","nonce":"EhlcAfo7"}
E/ 2016-08-27 01:03:23  [FAIL]: {"errcode":60020,"errmsg":"\u8bbf\u95eeip\u4e0d\u5728\u767d\u540d\u5355\u4e4b\u4e2d"}
I/ 2016-08-27 01:03:29  DECRYPT MSG SUCCESS {"signature":"68fe45f6226672f91ee31230f5902d774c6d9297","timestamp":"1472303008095","nonce":"2tC8f2sM"}  {"EventType":"suite_ticket","SuiteKey":"suiteg1hdbaokiburujdh","SuiteTicket":"7FqlEFKg7YKXxlXQnCWRI2NsMNeSruxhyTQmWMj3IUX5P4CCs9NTgRowqevldbullO57lNfvg9nUYNkr5XRh3D","TimeStamp":"1472303008095"}
I/ 2016-08-27 01:03:29  RESPONSE: {"msg_signature":"fd439b464a3cf553e6e6f66143a8f1dea8b7af6e","encrypt":"u+vqJxgRHxRnvOQgVSl6ssMnRb5JXGl\/7GfJXiPKmP1VJYjv1+eBfHF14kfMu9xuoE1jeAUnOrbY22OzhOu1TA==","timeStamp":"1472303008095","nonce":"2tC8f2sM"}
I/ 2016-08-27 01:04:15  DECRYPT MSG SUCCESS {"signature":"88fd8963d16a26faa05643739b8d308f012d726b","timestamp":"1472303054663","nonce":"RzHv3fQl"}  {"AuthCode":"07e8305fc15935f1ad8e8ca2d2b4eb07","EventType":"tmp_auth_code","SuiteKey":"suiteg1hdbaokiburujdh","TimeStamp":"1472303054663"}
I/ 2016-08-27 01:04:15  [Activate] getSuiteToken: c19652f8a9233a91b1e0fb87c358eb5a
E/ 2016-08-27 01:04:16  [FAIL]: {"errcode":60020,"errmsg":"\u8bbf\u95eeip\u4e0d\u5728\u767d\u540d\u5355\u4e4b\u4e2d"}
I/ 2016-08-27 01:04:17  DECRYPT MSG SUCCESS {"signature":"7cd5838004ad23a91cb936528d7c29f091daf29b","timestamp":"1472303056784","nonce":"Qm7ANKYM"}  {"AuthCode":"07e8305fc15935f1ad8e8ca2d2b4eb07","EventType":"tmp_auth_code","SuiteKey":"suiteg1hdbaokiburujdh","TimeStamp":"1472303056784"}
I/ 2016-08-27 01:04:17  [Activate] getSuiteToken: c19652f8a9233a91b1e0fb87c358eb5a
E/ 2016-08-27 01:04:18  [FAIL]: {"errcode":60020,"errmsg":"\u8bbf\u95eeip\u4e0d\u5728\u767d\u540d\u5355\u4e4b\u4e2d"}
I/ 2016-08-27 01:04:19  DECRYPT MSG SUCCESS {"signature":"cf60733be165ee299b22c3ab30d31e5ebede27d1","timestamp":"1472303058924","nonce":"gAh4uE8r"}  {"AuthCode":"07e8305fc15935f1ad8e8ca2d2b4eb07","EventType":"tmp_auth_code","SuiteKey":"suiteg1hdbaokiburujdh","TimeStamp":"1472303058923"}
I/ 2016-08-27 01:04:19  [Activate] getSuiteToken: c19652f8a9233a91b1e0fb87c358eb5a
E/ 2016-08-27 01:04:20  [FAIL]: {"errcode":60020,"errmsg":"\u8bbf\u95eeip\u4e0d\u5728\u767d\u540d\u5355\u4e4b\u4e2d"}
I/ 2016-08-27 01:05:20  DECRYPT MSG SUCCESS {"signature":"40b208e67de09dd35d44b3b7275db8e2d63104f3","timestamp":"1472303120031","nonce":"2ZVtV4IQ"}  {"AuthCode":"07e8305fc15935f1ad8e8ca2d2b4eb07","EventType":"tmp_auth_code","SuiteKey":"suiteg1hdbaokiburujdh","TimeStamp":"1472303120031"}
I/ 2016-08-27 01:05:20  [Activate] getSuiteToken: c19652f8a9233a91b1e0fb87c358eb5a
E/ 2016-08-27 01:05:21  [FAIL]: {"errcode":60020,"errmsg":"\u8bbf\u95eeip\u4e0d\u5728\u767d\u540d\u5355\u4e4b\u4e2d"}
I/ 2016-08-27 01:07:23  DECRYPT MSG SUCCESS {"signature":"a7f45b3cffe622014fed871f8bd4e7522ba26cfe","timestamp":"1472303242090","nonce":"iJx25cqZ"}  {"AuthCode":"07e8305fc15935f1ad8e8ca2d2b4eb07","EventType":"tmp_auth_code","SuiteKey":"suiteg1hdbaokiburujdh","TimeStamp":"1472303242090"}
I/ 2016-08-27 01:07:23  [Activate] getSuiteToken: c19652f8a9233a91b1e0fb87c358eb5a
E/ 2016-08-27 01:07:24  [FAIL]: {"errcode":60020,"errmsg":"\u8bbf\u95eeip\u4e0d\u5728\u767d\u540d\u5355\u4e4b\u4e2d"}
I/ 2016-08-27 01:08:23  DECRYPT MSG SUCCESS {"signature":"92c3e102352a9b5f5185f2e383101e7961fb6a32","timestamp":"1472303302094","nonce":"iKa30Vtf"}  {"AuthCode":"73614b4974493215a0fc3102424d78e5","EventType":"tmp_auth_code","SuiteKey":"suiteg1hdbaokiburujdh","TimeStamp":"1472303302094"}
I/ 2016-08-27 01:08:23  [Activate] getSuiteToken: c19652f8a9233a91b1e0fb87c358eb5a
E/ 2016-08-27 01:08:25  [FAIL]: {"errcode":60020,"errmsg":"\u8bbf\u95eeip\u4e0d\u5728\u767d\u540d\u5355\u4e4b\u4e2d"}
I/ 2016-08-27 01:10:25  DECRYPT MSG SUCCESS {"signature":"449dfdda6236357eebe32aec7fb6d225609d4d46","timestamp":"1472303424043","nonce":"Rg5dksfJ"}  {"AuthCode":"07e8305fc15935f1ad8e8ca2d2b4eb07","EventType":"tmp_auth_code","SuiteKey":"suiteg1hdbaokiburujdh","TimeStamp":"1472303424043"}
I/ 2016-08-27 01:10:25  [Activate] getSuiteToken: c19652f8a9233a91b1e0fb87c358eb5a
E/ 2016-08-27 01:10:26  [FAIL]: {"errcode":60020,"errmsg":"\u8bbf\u95eeip\u4e0d\u5728\u767d\u540d\u5355\u4e4b\u4e2d"}
I/ 2016-08-27 01:14:24  DECRYPT MSG SUCCESS {"signature":"63ca7b82ddb7af19eb5b2f0b29431fc226d1970e","timestamp":"1472303664041","nonce":"9whMaPOI"}  {"AuthCode":"73614b4974493215a0fc3102424d78e5","EventType":"tmp_auth_code","SuiteKey":"suiteg1hdbaokiburujdh","TimeStamp":"1472303664040"}
I/ 2016-08-27 01:14:24  [Activate] getSuiteToken: c19652f8a9233a91b1e0fb87c358eb5a
I/ 2016-08-27 01:14:26  DECRYPT MSG SUCCESS {"signature":"e7085ceed47d305a9cf2e43c8dfb9f6e5a9db538","timestamp":"1472303666023","nonce":"F78h0yWm"}  {"AuthCode":"07e8305fc15935f1ad8e8ca2d2b4eb07","EventType":"tmp_auth_code","SuiteKey":"suiteg1hdbaokiburujdh","TimeStamp":"1472303666023"}
I/ 2016-08-27 01:14:26  [Activate] getSuiteToken: c19652f8a9233a91b1e0fb87c358eb5a
E/ 2016-08-27 01:14:28  [FAIL]: {"errcode":60020,"errmsg":"\u8bbf\u95eeip\u4e0d\u5728\u767d\u540d\u5355\u4e4b\u4e2d"}
E/ 2016-08-27 01:14:29  [FAIL]: {"errcode":60020,"errmsg":"\u8bbf\u95eeip\u4e0d\u5728\u767d\u540d\u5355\u4e4b\u4e2d"}
I/ 2016-08-27 01:19:29  DECRYPT MSG SUCCESS {"signature":"d70b88b931c0f66cae75d494a1afe05202250831","timestamp":"1472303968062","nonce":"yWhBlL5N"}  {"AuthCode":"07e8305fc15935f1ad8e8ca2d2b4eb07","EventType":"tmp_auth_code","SuiteKey":"suiteg1hdbaokiburujdh","TimeStamp":"1472303968062"}
I/ 2016-08-27 01:19:29  [Activate] getSuiteToken: c19652f8a9233a91b1e0fb87c358eb5a
E/ 2016-08-27 01:19:30  [FAIL]: {"errcode":60020,"errmsg":"\u8bbf\u95eeip\u4e0d\u5728\u767d\u540d\u5355\u4e4b\u4e2d"}
I/ 2016-08-27 01:21:27  DECRYPT MSG SUCCESS {"signature":"c22aac21a208240a2a3ebbf40fd542093e1f6244","timestamp":"1472304086051","nonce":"ma3lbbHp"}  {"AuthCode":"73614b4974493215a0fc3102424d78e5","EventType":"tmp_auth_code","SuiteKey":"suiteg1hdbaokiburujdh","TimeStamp":"1472304086051"}
I/ 2016-08-27 01:21:27  [Activate] getSuiteToken: c19652f8a9233a91b1e0fb87c358eb5a
E/ 2016-08-27 01:21:27  [FAIL]: {"errcode":60020,"errmsg":"\u8bbf\u95eeip\u4e0d\u5728\u767d\u540d\u5355\u4e4b\u4e2d"}
I/ 2016-08-27 01:23:30  DECRYPT MSG SUCCESS {"signature":"140d87e8a04b81edc97bf3f10743336a32e3d3a1","timestamp":"1472304209064","nonce":"huW6a2mN"}  {"EventType":"suite_ticket","SuiteKey":"suiteg1hdbaokiburujdh","SuiteTicket":"gBocwOlyGEMPJXJ4piNWEqYtvF1Jg8XCNnauPDGSbkPNLUVy03YNyoYySYHvqZiw9f7xeVArtU68GA3CW84yRy","TimeStamp":"1472304209064"}
I/ 2016-08-27 01:23:30  RESPONSE: {"msg_signature":"6c036835eea9bcefb23f8f946efa3f7b8df86c4b","encrypt":"9yww158E3B\/2HDjK2yGMtaJx5jH95TM53TSC\/7NZXth8Tgeucn9fhhexRDVhdh2cX6qBGwxmdGRio0sUlu9ufw==","timeStamp":"1472304209064","nonce":"huW6a2mN"}
I/ 2016-08-27 01:25:31  DECRYPT MSG SUCCESS {"signature":"b64767938e5e2d6fb2c34d170d8b94044bffc158","timestamp":"1472304330100","nonce":"7lMUwtmM"}  {"AuthCode":"07e8305fc15935f1ad8e8ca2d2b4eb07","EventType":"tmp_auth_code","SuiteKey":"suiteg1hdbaokiburujdh","TimeStamp":"1472304330099"}
I/ 2016-08-27 01:25:31  [Activate] getSuiteToken: c19652f8a9233a91b1e0fb87c358eb5a
E/ 2016-08-27 01:25:32  [FAIL]: {"errcode":60020,"errmsg":"\u8bbf\u95eeip\u4e0d\u5728\u767d\u540d\u5355\u4e4b\u4e2d"}
I/ 2016-08-27 01:29:28  DECRYPT MSG SUCCESS {"signature":"73d1a50c27d8a33782370f1f079f47822ba06072","timestamp":"1472304568053","nonce":"mfmRkY8Y"}  {"AuthCode":"73614b4974493215a0fc3102424d78e5","EventType":"tmp_auth_code","SuiteKey":"suiteg1hdbaokiburujdh","TimeStamp":"1472304568052"}
I/ 2016-08-27 01:29:28  [Activate] getSuiteToken: c19652f8a9233a91b1e0fb87c358eb5a
E/ 2016-08-27 01:29:30  [FAIL]: {"errcode":60020,"errmsg":"\u8bbf\u95eeip\u4e0d\u5728\u767d\u540d\u5355\u4e4b\u4e2d"}
I/ 2016-08-27 01:32:33  DECRYPT MSG SUCCESS {"signature":"fa1ce2b05aae3db8d691859586f82a0c1bc1cbe4","timestamp":"1472304752094","nonce":"VvHUEYWQ"}  {"AuthCode":"07e8305fc15935f1ad8e8ca2d2b4eb07","EventType":"tmp_auth_code","SuiteKey":"suiteg1hdbaokiburujdh","TimeStamp":"1472304752094"}
I/ 2016-08-27 01:32:33  [Activate] getSuiteToken: c19652f8a9233a91b1e0fb87c358eb5a
E/ 2016-08-27 01:32:34  [FAIL]: {"errcode":60020,"errmsg":"\u8bbf\u95eeip\u4e0d\u5728\u767d\u540d\u5355\u4e4b\u4e2d"}
I/ 2016-08-27 01:38:31  DECRYPT MSG SUCCESS {"signature":"a8967d05cd74cd003aa21f5989705637226f1551","timestamp":"1472305110052","nonce":"oe8pQu2A"}  {"AuthCode":"73614b4974493215a0fc3102424d78e5","EventType":"tmp_auth_code","SuiteKey":"suiteg1hdbaokiburujdh","TimeStamp":"1472305110051"}
I/ 2016-08-27 01:38:31  [Activate] getSuiteToken: c19652f8a9233a91b1e0fb87c358eb5a
E/ 2016-08-27 01:38:33  [FAIL]: {"errcode":60020,"errmsg":"\u8bbf\u95eeip\u4e0d\u5728\u767d\u540d\u5355\u4e4b\u4e2d"}
I/ 2016-08-27 01:40:34  DECRYPT MSG SUCCESS {"signature":"1176d6f9af4cb59e85f98e7bafe2ef72c774b5b1","timestamp":"1472305234012","nonce":"Mps15zUP"}  {"AuthCode":"07e8305fc15935f1ad8e8ca2d2b4eb07","EventType":"tmp_auth_code","SuiteKey":"suiteg1hdbaokiburujdh","TimeStamp":"1472305234012"}
I/ 2016-08-27 01:40:34  [Activate] getSuiteToken: c19652f8a9233a91b1e0fb87c358eb5a
E/ 2016-08-27 01:40:35  [FAIL]: {"errcode":60020,"errmsg":"\u8bbf\u95eeip\u4e0d\u5728\u767d\u540d\u5355\u4e4b\u4e2d"}
E/ 2016-08-27 01:40:51  [FAIL]: {"errcode":60020,"errmsg":"\u8bbf\u95eeip\u4e0d\u5728\u767d\u540d\u5355\u4e4b\u4e2d"}
E/ 2016-08-27 01:41:09  [FAIL]: {"errcode":60020,"errmsg":"\u8bbf\u95eeip\u4e0d\u5728\u767d\u540d\u5355\u4e4b\u4e2d"}
E/ 2016-08-27 01:41:31  [FAIL]: {"errcode":60020,"errmsg":"\u8bbf\u95eeip\u4e0d\u5728\u767d\u540d\u5355\u4e4b\u4e2d"}
I/ 2016-08-27 01:43:31  DECRYPT MSG SUCCESS {"signature":"f4a65abdeee8042c8d18988ea8ff976f301cfd52","timestamp":"1472305410107","nonce":"z1KG7QtP"}  {"EventType":"suite_ticket","SuiteKey":"suiteg1hdbaokiburujdh","SuiteTicket":"YLU1wq07tQ6bZCuy6o66flRXqgulE1dPHUZf1QGs3LCBbaeYV2PdjEpeiO927aePmiJ7foXXhBkbODSJ3ZlQfZ","TimeStamp":"1472305410107"}
I/ 2016-08-27 01:43:31  RESPONSE: {"msg_signature":"93592f5df835cc1b592f1ff4849d99a0fbca51af","encrypt":"oixr\/5n3UrnjJ4D8VOleHC3YmKp8pw4XQvrWZxQvf2DfnlzCW7RgPVpTV54YtJ5Vz\/bQVBoASvRztNJxCe\/djw==","timeStamp":"1472305410107","nonce":"z1KG7QtP"}
